[21:20:13] [main/INFO] (FabricLoader/GameProvider) Loading Minecraft 1.20.1 with Fabric Loader 0.14.21
[21:20:14] [main/INFO] (FabricLoader) Loading 46 mods:
	- fabric-api 0.83.1+1.20.1
	- fabric-api-base 0.4.29+b04edc7a77
	- fabric-api-lookup-api-v1 1.6.34+4d8536c977
	- fabric-biome-api-v1 13.0.10+b3afc78b77
	- fabric-block-api-v1 1.0.9+e022e5d177
	- fabric-blockrenderlayer-v1 1.1.39+b3afc78b77
	- fabric-client-tags-api-v1 1.0.20+b3afc78b77
	- fabric-command-api-v2 2.2.11+b3afc78b77
	- fabric-content-registries-v0 4.0.7+b3afc78b77
	- fabric-convention-tags-v1 1.5.3+b3afc78b77
	- fabric-crash-report-info-v1 0.2.18+aeb40ebe77
	- fabric-data-generation-api-v1 12.1.11+b3afc78b77
	- fabric-dimensions-v1 2.1.51+b3afc78b77
	- fabric-entity-events-v1 1.5.21+b3afc78b77
	- fabric-events-interaction-v0 0.6.0+b3afc78b77
	- fabric-game-rule-api-v1 1.0.38+b04edc7a77
	- fabric-gametest-api-v1 1.2.10+b3afc78b77
	- fabric-item-api-v1 2.1.26+b3afc78b77
	- fabric-item-group-api-v1 4.0.7+b3afc78b77
	- fabric-key-binding-api-v1 1.0.36+fb8d95da77
	- fabric-lifecycle-events-v1 2.2.20+b3afc78b77
	- fabric-loot-api-v2 1.1.37+b3afc78b77
	- fabric-message-api-v1 5.1.6+b3afc78b77
	- fabric-mining-level-api-v1 2.1.47+b3afc78b77
	- fabric-models-v0 0.3.35+b3afc78b77
	- fabric-networking-api-v1 1.3.8+b3afc78b77
	- fabric-object-builder-api-v1 11.0.6+b3afc78b77
	- fabric-particles-v1 1.0.28+b3afc78b77
	- fabric-recipe-api-v1 1.0.18+b3afc78b77
	- fabric-registry-sync-v0 2.2.6+b3afc78b77
	- fabric-renderer-api-v1 3.0.1+b3afc78b77
	- fabric-renderer-indigo 1.3.1+b3afc78b77
	- fabric-rendering-data-attachment-v1 0.3.33+b3afc78b77
	- fabric-rendering-fluids-v1 3.0.26+b3afc78b77
	- fabric-rendering-v1 3.0.6+b3afc78b77
	- fabric-resource-conditions-api-v1 2.3.5+ea08f9d877
	- fabric-resource-loader-v0 0.11.7+f7923f6d77
	- fabric-screen-api-v1 2.0.6+b3afc78b77
	- fabric-screen-handler-api-v1 1.3.27+b3afc78b77
	- fabric-sound-api-v1 1.0.12+b3afc78b77
	- fabric-transfer-api-v1 3.2.2+b3afc78b77
	- fabric-transitive-access-wideners-v1 4.2.0+b3afc78b77
	- fabricloader 0.14.21
	- java 17
	- minecraft 1.20.1
	- yaszumod 1.0.0
[21:20:14] [main/INFO] (FabricLoader/Mixin) SpongePowered MIXIN Subsystem Version=0.8.5 Source=file:/C:/Users/micah/.mcreator/gradle/caches/modules-2/files-2.1/net.fabricmc/sponge-mixin/0.12.5+mixin.0.8.5/8d31fb97c3e0cd7c8dad3441851c523bcfae6d8e/sponge-mixin-0.12.5+mixin.0.8.5.jar Service=Knot/Fabric Env=CLIENT
[21:20:14] [main/INFO] (FabricLoader/Mixin) Loaded Fabric development mappings for mixin remapper!
[21:20:15] [main/INFO] (FabricLoader/Mixin) Compatibility level set to JAVA_16
[21:20:15] [main/INFO] (FabricLoader/Mixin) Compatibility level set to JAVA_17
[21:20:25] [Datafixer Bootstrap/INFO] (Minecraft) 188 Datafixer optimizations took 284 milliseconds
[21:20:29] [Render thread/INFO] (Minecraft) Environment: authHost='https://authserver.mojang.com', accountsHost='https://api.mojang.com', sessionHost='https://sessionserver.mojang.com', servicesHost='https://api.minecraftservices.com', name='PROD'
[21:20:30] [Render thread/ERROR] (Minecraft) Failed to verify authentication
com.mojang.authlib.exceptions.InvalidCredentialsException: Status: 401
	at com.mojang.authlib.exceptions.MinecraftClientHttpException.toAuthenticationException(MinecraftClientHttpException.java:56) ~[authlib-4.0.43.jar:?]
	at com.mojang.authlib.yggdrasil.YggdrasilUserApiService.fetchProperties(YggdrasilUserApiService.java:156) ~[authlib-4.0.43.jar:?]
	at com.mojang.authlib.yggdrasil.YggdrasilUserApiService.<init>(YggdrasilUserApiService.java:55) ~[authlib-4.0.43.jar:?]
	at com.mojang.authlib.yggdrasil.YggdrasilAuthenticationService.createUserApiService(YggdrasilAuthenticationService.java:124) ~[authlib-4.0.43.jar:?]
	at net.minecraft.client.Minecraft.createUserApiService(Minecraft.java:637) ~[minecraft-merged-project-root-1.20.1-loom.mappings.1_20_1.layered+hash.2198-v2.jar:?]
	at net.minecraft.client.Minecraft.<init>(Minecraft.java:432) ~[minecraft-merged-project-root-1.20.1-loom.mappings.1_20_1.layered+hash.2198-v2.jar:?]
	at net.minecraft.client.main.Main.main(Main.java:190) ~[minecraft-merged-project-root-1.20.1-loom.mappings.1_20_1.layered+hash.2198-v2.jar:?]
	at net.fabricmc.loader.impl.game.minecraft.MinecraftGameProvider.launch(MinecraftGameProvider.java:468) ~[fabric-loader-0.14.21.jar:?]
	at net.fabricmc.loader.impl.launch.knot.Knot.launch(Knot.java:74) ~[fabric-loader-0.14.21.jar:?]
	at net.fabricmc.loader.impl.launch.knot.KnotClient.main(KnotClient.java:23) ~[fabric-loader-0.14.21.jar:?]
	at net.fabricmc.devlaunchinjector.Main.main(Main.java:86) ~[dev-launch-injector-0.2.1+build.8.jar:?]
Caused by: com.mojang.authlib.exceptions.MinecraftClientHttpException: Status: 401
	at com.mojang.authlib.minecraft.client.MinecraftClient.readInputStream(MinecraftClient.java:85) ~[authlib-4.0.43.jar:?]
	at com.mojang.authlib.minecraft.client.MinecraftClient.get(MinecraftClient.java:48) ~[authlib-4.0.43.jar:?]
	at com.mojang.authlib.yggdrasil.YggdrasilUserApiService.fetchProperties(YggdrasilUserApiService.java:129) ~[authlib-4.0.43.jar:?]
	... 9 more
[21:20:30] [Render thread/INFO] (Minecraft) Setting user: Player20
[21:20:30] [Render thread/INFO] (YaszumodMod) Initializing YaszumodMod
[21:20:30] [Render thread/INFO] (Indigo) [Indigo] Registering Indigo renderer!
[21:20:31] [Render thread/INFO] (Minecraft) Backend library: LWJGL version 3.3.1 SNAPSHOT
[21:20:33] [Render thread/INFO] (Minecraft) Reloading ResourceManager: vanilla, fabric (fabric-key-binding-api-v1, fabric-api, fabric-dimensions-v1, fabric-convention-tags-v1, fabricloader, fabric-command-api-v2, fabric-sound-api-v1, fabric-transfer-api-v1, fabric-resource-conditions-api-v1, fabric-api-lookup-api-v1, fabric-message-api-v1, fabric-models-v0, fabric-biome-api-v1, fabric-rendering-v1, fabric-renderer-indigo, fabric-particles-v1, fabric-rendering-fluids-v1, fabric-block-api-v1, fabric-client-tags-api-v1, fabric-registry-sync-v0, yaszumod, fabric-screen-api-v1, fabric-item-api-v1, fabric-gametest-api-v1, fabric-game-rule-api-v1, fabric-screen-handler-api-v1, fabric-object-builder-api-v1, fabric-blockrenderlayer-v1, fabric-transitive-access-wideners-v1, fabric-crash-report-info-v1, fabric-loot-api-v2, fabric-rendering-data-attachment-v1, fabric-networking-api-v1, fabric-events-interaction-v0, fabric-renderer-api-v1, fabric-data-generation-api-v1, fabric-lifecycle-events-v1, fabric-entity-events-v1, fabric-api-base, fabric-recipe-api-v1, fabric-content-registries-v0, fabric-mining-level-api-v1, fabric-resource-loader-v0, fabric-item-group-api-v1)
[21:20:33] [Worker-Main-6/INFO] (Minecraft) Found unifont_all_no_pua-15.0.06.hex, loading
[21:20:34] [Realms Notification Availability checker #1/INFO] (Minecraft) Could not authorize you against Realms server: Invalid session id
[21:20:35] [Worker-Main-7/WARN] (Minecraft) Texture yaszumod:item/ghosteritetex with size 431x431 limits mip level from 4 to 0
[21:20:35] [Worker-Main-7/WARN] (Minecraft) minecraft:textures/atlas/blocks.png: dropping miplevel from 4 to 0, because of minimum power of two: 1
[21:20:36] [Render thread/WARN] (Minecraft) Missing sound for event: minecraft:item.goat_horn.play
[21:20:36] [Render thread/WARN] (Minecraft) Missing sound for event: minecraft:entity.goat.screaming.horn_break
[21:20:37] [Render thread/INFO] (Minecraft) OpenAL initialized on device OpenAL Soft on Speakers (Razer Audio Controller - Game)
[21:20:37] [Render thread/INFO] (Minecraft) Sound engine started
[21:20:37] [Render thread/INFO] (Minecraft) Created: 2048x1024x0 minecraft:textures/atlas/blocks.png-atlas
[21:20:37] [Render thread/INFO] (Minecraft) Created: 256x256x4 minecraft:textures/atlas/signs.png-atlas
[21:20:37] [Render thread/INFO] (Minecraft) Created: 512x512x4 minecraft:textures/atlas/banner_patterns.png-atlas
[21:20:37] [Render thread/INFO] (Minecraft) Created: 512x512x4 minecraft:textures/atlas/shield_patterns.png-atlas
[21:20:37] [Render thread/INFO] (Minecraft) Created: 1024x1024x4 minecraft:textures/atlas/armor_trims.png-atlas
[21:20:37] [Render thread/INFO] (Minecraft) Created: 256x256x4 minecraft:textures/atlas/chest.png-atlas
[21:20:37] [Render thread/INFO] (Minecraft) Created: 128x64x4 minecraft:textures/atlas/decorated_pot.png-atlas
[21:20:37] [Render thread/INFO] (Minecraft) Created: 512x256x4 minecraft:textures/atlas/beds.png-atlas
[21:20:37] [Render thread/INFO] (Minecraft) Created: 512x256x4 minecraft:textures/atlas/shulker_boxes.png-atlas
[21:20:37] [Render thread/WARN] (Minecraft) Shader rendertype_entity_translucent_emissive could not find sampler named Sampler2 in the specified shader program.
[21:20:37] [Render thread/INFO] (Minecraft) Created: 256x256x0 minecraft:textures/atlas/particles.png-atlas
[21:20:37] [Render thread/INFO] (Minecraft) Created: 2048x2048x0 minecraft:textures/atlas/paintings.png-atlas
[21:20:37] [Render thread/INFO] (Minecraft) Created: 128x128x0 minecraft:textures/atlas/mob_effects.png-atlas
[21:20:46] [Render thread/INFO] (Minecraft) Loaded 7 recipes
[21:20:47] [Render thread/INFO] (Minecraft) Loaded 1273 advancements
[21:20:53] [Render thread/INFO] (BiomeModificationImpl) Applied 448 biome modifications to 64 of 64 new biomes in 20.36 ms
[21:20:53] [Server thread/INFO] (Minecraft) Starting integrated minecraft server version 1.20.1
[21:20:53] [Server thread/INFO] (Minecraft) Generating keypair
[21:21:00] [Server thread/INFO] (Minecraft) Preparing start region for dimension minecraft:overworld
[21:21:01] [Render thread/INFO] (Minecraft) Preparing spawn area: 0%
[21:21:01] [Render thread/INFO] (Minecraft) Preparing spawn area: 0%
[21:21:01] [Render thread/INFO] (Minecraft) Preparing spawn area: 0%
[21:21:01] [Render thread/INFO] (Minecraft) Preparing spawn area: 0%
[21:21:02] [Render thread/INFO] (Minecraft) Preparing spawn area: 0%
[21:21:02] [Render thread/INFO] (Minecraft) Preparing spawn area: 0%
[21:21:03] [Render thread/INFO] (Minecraft) Preparing spawn area: 0%
[21:21:03] [Render thread/INFO] (Minecraft) Preparing spawn area: 1%
[21:21:04] [Render thread/INFO] (Minecraft) Preparing spawn area: 1%
[21:21:04] [Render thread/INFO] (Minecraft) Preparing spawn area: 2%
[21:21:05] [Render thread/INFO] (Minecraft) Preparing spawn area: 3%
[21:21:05] [Render thread/INFO] (Minecraft) Preparing spawn area: 3%
[21:21:06] [Render thread/INFO] (Minecraft) Preparing spawn area: 4%
[21:21:06] [Render thread/INFO] (Minecraft) Preparing spawn area: 5%
[21:21:07] [Render thread/INFO] (Minecraft) Preparing spawn area: 6%
[21:21:07] [Render thread/INFO] (Minecraft) Preparing spawn area: 7%
[21:21:08] [Render thread/INFO] (Minecraft) Preparing spawn area: 8%
[21:21:08] [Render thread/INFO] (Minecraft) Preparing spawn area: 9%
[21:21:09] [Render thread/INFO] (Minecraft) Preparing spawn area: 9%
[21:21:09] [Render thread/INFO] (Minecraft) Preparing spawn area: 11%
[21:21:10] [Render thread/INFO] (Minecraft) Preparing spawn area: 12%
[21:21:10] [Render thread/INFO] (Minecraft) Preparing spawn area: 14%
[21:21:11] [Render thread/INFO] (Minecraft) Preparing spawn area: 15%
[21:21:11] [Render thread/INFO] (Minecraft) Preparing spawn area: 17%
[21:21:12] [Render thread/INFO] (Minecraft) Preparing spawn area: 19%
[21:21:12] [Render thread/INFO] (Minecraft) Preparing spawn area: 21%
[21:21:13] [Render thread/INFO] (Minecraft) Preparing spawn area: 23%
[21:21:13] [Render thread/INFO] (Minecraft) Preparing spawn area: 24%
[21:21:14] [Render thread/INFO] (Minecraft) Preparing spawn area: 26%
[21:21:14] [Render thread/INFO] (Minecraft) Preparing spawn area: 27%
[21:21:15] [Render thread/INFO] (Minecraft) Preparing spawn area: 31%
[21:21:15] [Render thread/INFO] (Minecraft) Preparing spawn area: 32%
[21:21:16] [Render thread/INFO] (Minecraft) Preparing spawn area: 34%
[21:21:16] [Render thread/INFO] (Minecraft) Preparing spawn area: 36%
[21:21:17] [Render thread/INFO] (Minecraft) Preparing spawn area: 39%
[21:21:17] [Render thread/INFO] (Minecraft) Preparing spawn area: 42%
[21:21:18] [Render thread/INFO] (Minecraft) Preparing spawn area: 43%
[21:21:18] [Render thread/INFO] (Minecraft) Preparing spawn area: 45%
[21:21:19] [Render thread/INFO] (Minecraft) Preparing spawn area: 48%
[21:21:19] [Render thread/INFO] (Minecraft) Preparing spawn area: 50%
[21:21:20] [Render thread/INFO] (Minecraft) Preparing spawn area: 51%
[21:21:20] [Render thread/INFO] (Minecraft) Preparing spawn area: 54%
[21:21:21] [Render thread/INFO] (Minecraft) Preparing spawn area: 56%
[21:21:21] [Render thread/INFO] (Minecraft) Preparing spawn area: 58%
[21:21:22] [Render thread/INFO] (Minecraft) Preparing spawn area: 59%
[21:21:22] [Render thread/INFO] (Minecraft) Preparing spawn area: 62%
[21:21:23] [Render thread/INFO] (Minecraft) Preparing spawn area: 65%
[21:21:23] [Render thread/INFO] (Minecraft) Preparing spawn area: 68%
[21:21:24] [Render thread/INFO] (Minecraft) Preparing spawn area: 69%
[21:21:24] [Render thread/INFO] (Minecraft) Preparing spawn area: 72%
[21:21:25] [Render thread/INFO] (Minecraft) Preparing spawn area: 72%
[21:21:25] [Render thread/INFO] (Minecraft) Preparing spawn area: 76%
[21:21:26] [Render thread/INFO] (Minecraft) Preparing spawn area: 78%
[21:21:26] [Render thread/INFO] (Minecraft) Preparing spawn area: 81%
[21:21:27] [Render thread/INFO] (Minecraft) Preparing spawn area: 83%
[21:21:27] [Render thread/INFO] (Minecraft) Preparing spawn area: 85%
[21:21:28] [Render thread/INFO] (Minecraft) Preparing spawn area: 87%
[21:21:28] [Render thread/INFO] (Minecraft) Preparing spawn area: 89%
[21:21:29] [Render thread/INFO] (Minecraft) Preparing spawn area: 92%
[21:21:29] [Render thread/INFO] (Minecraft) Preparing spawn area: 95%
[21:21:30] [Render thread/INFO] (Minecraft) Preparing spawn area: 98%
[21:21:30] [Render thread/INFO] (Minecraft) Time elapsed: 30262 ms
[21:21:30] [Server thread/INFO] (Minecraft) Changing view distance to 14, from 10
[21:21:30] [Server thread/INFO] (Minecraft) Changing simulation distance to 12, from 0
[21:21:32] [Server thread/INFO] (Minecraft) Player20[local:E:6d554f60] logged in with entity id 225 at (-6.5, 80.0, 3.5)
[21:21:32] [Server thread/INFO] (Minecraft) Player20 joined the game
[21:21:33] [Server thread/WARN] (Minecraft) Can't keep up! Is the server overloaded? Running 2532ms or 50 ticks behind
[21:21:34] [Render thread/INFO] (Minecraft) Loaded 2 advancements
[21:21:53] [Server thread/INFO] (Minecraft) [Player20: Set own game mode to Spectator Mode]
[21:21:53] [Render thread/INFO] (Minecraft) [System] [CHAT] Set own game mode to Spectator Mode
[21:22:05] [Server thread/INFO] (Minecraft) Saving and pausing game...
[21:22:05] [Server thread/INFO] (Minecraft) Saving chunks for level 'ServerLevel[New World]'/minecraft:overworld
[21:22:05] [Server thread/INFO] (Minecraft) Saving chunks for level 'ServerLevel[New World]'/minecraft:the_nether
[21:22:05] [Server thread/INFO] (Minecraft) Saving chunks for level 'ServerLevel[New World]'/minecraft:the_end
[21:22:06] [Render thread/INFO] (Minecraft) Stopping!
[21:22:06] [Server thread/INFO] (Minecraft) Player20 lost connection: Disconnected
[21:22:06] [Server thread/INFO] (Minecraft) Player20 left the game
[21:22:06] [Server thread/INFO] (Minecraft) Stopping singleplayer server as player logged out
[21:22:06] [Server thread/INFO] (Minecraft) Stopping server
[21:22:06] [Server thread/INFO] (Minecraft) Saving players
[21:22:06] [Server thread/INFO] (Minecraft) Saving worlds
[21:22:09] [Server thread/INFO] (Minecraft) Saving chunks for level 'ServerLevel[New World]'/minecraft:overworld
[21:22:15] [Server thread/INFO] (Minecraft) Saving chunks for level 'ServerLevel[New World]'/minecraft:the_nether
[21:22:15] [Server thread/INFO] (Minecraft) Saving chunks for level 'ServerLevel[New World]'/minecraft:the_end
[21:22:15] [Server thread/INFO] (Minecraft) ThreadedAnvilChunkStorage (New World (1)): All chunks are saved
[21:22:15] [Server thread/INFO] (Minecraft) ThreadedAnvilChunkStorage (DIM-1): All chunks are saved
[21:22:15] [Server thread/INFO] (Minecraft) ThreadedAnvilChunkStorage (DIM1): All chunks are saved
[21:22:15] [Server thread/INFO] (Minecraft) ThreadedAnvilChunkStorage: All dimensions are saved
